{
  "stats": {
    "suites": 1,
    "tests": 1,
    "passes": 1,
    "pending": 0,
    "failures": 0,
    "start": "2025-07-02T14:47:46.810Z",
    "end": "2025-07-02T14:47:50.349Z",
    "duration": 3539,
    "testsRegistered": 1,
    "passPercent": 100,
    "pendingPercent": 0,
    "other": 0,
    "hasOther": false,
    "skipped": 0,
    "hasSkipped": false
  },
  "results": [
    {
      "uuid": "4d2cc519-a0d1-4ea3-b55a-8f508dc7bb87",
      "title": "",
      "fullFile": "cypress\\e2e\\rankingGeral.cy.js",
      "file": "cypress\\e2e\\rankingGeral.cy.js",
      "beforeHooks": [],
      "afterHooks": [],
      "tests": [],
      "suites": [
        {
          "uuid": "0ddaec40-9c21-4be3-8d20-a3067f79b5c7",
          "title": "Acesso à classificação geral",
          "fullFile": "",
          "file": "",
          "beforeHooks": [],
          "afterHooks": [],
          "tests": [
            {
              "title": "deve acessar a aba Geral dentro da classificação completa",
              "fullTitle": "Acesso à classificação geral deve acessar a aba Geral dentro da classificação completa",
              "timedOut": null,
              "duration": 1824,
              "state": "passed",
              "speed": "fast",
              "pass": true,
              "fail": false,
              "pending": false,
              "context": null,
              "code": "_rankingPage.default.acessarClassificacaoCompleta();\n// Aguarda a nova página carregar\ncy.url().should('include', '/galera/podio/semanal');\n// Agora interage com a aba\n_rankingPage.default.clicarAbaGeral();\n// Espera a aba \"Geral\" ficar visível/ativa\n_rankingPage.default.validarAbaGeralAtiva();",
              "err": {},
              "uuid": "7802d80d-060b-4d1b-bd26-d8860db89d48",
              "parentUUID": "0ddaec40-9c21-4be3-8d20-a3067f79b5c7",
              "isHook": false,
              "skipped": false
            }
          ],
          "suites": [],
          "passes": [
            "7802d80d-060b-4d1b-bd26-d8860db89d48"
          ],
          "failures": [],
          "pending": [],
          "skipped": [],
          "duration": 1824,
          "root": false,
          "rootEmpty": false,
          "_timeout": 2000
        }
      ],
      "passes": [],
      "failures": [],
      "pending": [],
      "skipped": [],
      "duration": 0,
      "root": true,
      "rootEmpty": true,
      "_timeout": 2000
    }
  ],
  "meta": {
    "mocha": {
      "version": "7.2.0"
    },
    "mochawesome": {
      "options": {
        "quiet": false,
        "reportFilename": "mochawesome",
        "saveHtml": false,
        "saveJson": true,
        "consoleReporter": "spec",
        "useInlineDiffs": false,
        "code": true
      },
      "version": "7.1.3"
    },
    "marge": {
      "options": {
        "reportDir": "cypress/reports",
        "overwrite": false,
        "html": false,
        "json": true
      },
      "version": "6.2.0"
    }
  }
}